Build started 3/26/2016 5:37:43 PM.
     1>Project "C:\Users\eheit\Documents\Visual Studio 2013\Projects\sfml\sfml\sfml.vcxproj" on node 2 (Build target(s)).
     1>ClCompile:
         C:\Program Files (x86)\Microsoft Visual Studio 12.0\VC\bin\CL.exe /c /ZI /nologo /W3 /WX- /sdl /Od /Oy- /D _MBCS /Gm /EHsc /RTC1 /MDd /GS /fp:precise /Zc:wchar_t /Zc:forScope /Fo"Debug\\" /Fd"Debug\vc120.pdb" /Gd /TP /analyze- /errorReport:prompt Main.cpp
         Main.cpp
     1>c:\users\eheit\documents\visual studio 2013\projects\sfml\sfml\main.cpp(21): warning C4244: 'initializing' : conversion from 'double' to 'int', possible loss of data
       Link:
         C:\Program Files (x86)\Microsoft Visual Studio 12.0\VC\bin\link.exe /ERRORREPORT:PROMPT /OUT:"C:\Users\eheit\Documents\Visual Studio 2013\Projects\sfml\Debug\sfml.exe" /INCREMENTAL /NOLOGO "sfml-graphics-d.lib" "sfml-window-d.lib" "sfml-system-d.lib" "sfml-audio-d.lib" kernel32.lib user32.lib gdi32.lib winspool.lib comdlg32.lib advapi32.lib shell32.lib ole32.lib oleaut32.lib uuid.lib odbc32.lib odbccp32.lib /MANIFEST /MANIFESTUAC:"level='asInvoker' uiAccess='false'" /manifest:embed /DEBUG /PDB:"C:\Users\eheit\Documents\Visual Studio 2013\Projects\sfml\Debug\sfml.pdb" /TLBID:1 /DYNAMICBASE /NXCOMPAT /IMPLIB:"C:\Users\eheit\Documents\Visual Studio 2013\Projects\sfml\Debug\sfml.lib" /MACHINE:X86 Debug\GameLoop.obj
         Debug\GameMenu.obj
         Debug\Level.obj
         Debug\Main.obj
         Debug\MainMenu.obj
         Debug\OptionsMenu.obj
         Debug\Player.obj
         Debug\RenderEngine.obj
         Debug\Timer.obj
         sfml.vcxproj -> C:\Users\eheit\Documents\Visual Studio 2013\Projects\sfml\Debug\sfml.exe
     1>Done Building Project "C:\Users\eheit\Documents\Visual Studio 2013\Projects\sfml\sfml\sfml.vcxproj" (Build target(s)).

Build succeeded.

Time Elapsed 00:00:00.98
