Build started 3/26/2016 1:32:19 PM.
     1>Project "C:\Users\eheit\Documents\Visual Studio 2013\Projects\sfml\sfml\sfml.vcxproj" on node 2 (Build target(s)).
     1>ClCompile:
         C:\Program Files (x86)\Microsoft Visual Studio 12.0\VC\bin\CL.exe /c /Zi /nologo /W3 /WX- /sdl /O2 /Oi /Oy- /GL /D _MBCS /Gm- /EHsc /MD /GS /Gy /fp:precise /Zc:wchar_t /Zc:forScope /Fo"Release\\" /Fd"Release\vc120.pdb" /Gd /TP /analyze- /errorReport:prompt GameLoop.cpp GameMenu.cpp Level.cpp Main.cpp MainMenu.cpp Player.cpp RenderEngine.cpp Timer.cpp
         GameLoop.cpp
         GameMenu.cpp
         Level.cpp
         Main.cpp
     1>Main.cpp(17): warning C4101: 'screenwidth' : unreferenced local variable
         MainMenu.cpp
         Player.cpp
         RenderEngine.cpp
         Timer.cpp
       Link:
         C:\Program Files (x86)\Microsoft Visual Studio 12.0\VC\bin\link.exe /ERRORREPORT:PROMPT /OUT:"C:\Users\eheit\Documents\Visual Studio 2013\Projects\sfml\Release\sfml.exe" /NOLOGO "sfml-graphics.lib" "sfml-window.lib" "sfml-system.lib" kernel32.lib user32.lib gdi32.lib winspool.lib comdlg32.lib advapi32.lib shell32.lib ole32.lib oleaut32.lib uuid.lib odbc32.lib odbccp32.lib /MANIFEST /MANIFESTUAC:"level='asInvoker' uiAccess='false'" /manifest:embed /DEBUG /PDB:"C:\Users\eheit\Documents\Visual Studio 2013\Projects\sfml\Release\sfml.pdb" /OPT:REF /OPT:ICF /LTCG /TLBID:1 /DYNAMICBASE /NXCOMPAT /IMPLIB:"C:\Users\eheit\Documents\Visual Studio 2013\Projects\sfml\Release\sfml.lib" /MACHINE:X86 /SAFESEH Release\GameLoop.obj
         Release\GameMenu.obj
         Release\Level.obj
         Release\Main.obj
         Release\MainMenu.obj
         Release\Player.obj
         Release\RenderEngine.obj
         Release\Timer.obj
     1>MainMenu.obj : error LNK2001: unresolved external symbol "__declspec(dllimport) public: enum sf::SoundSource::Status __thiscall sf::SoundStream::getStatus(void)const " (__imp_?getStatus@SoundStream@sf@@QBE?AW4Status@SoundSource@2@XZ)
     1>MainMenu.obj : error LNK2001: unresolved external symbol "__declspec(dllimport) public: void __thiscall sf::SoundStream::play(void)" (__imp_?play@SoundStream@sf@@QAEXXZ)
     1>MainMenu.obj : error LNK2001: unresolved external symbol "__declspec(dllimport) public: bool __thiscall sf::Music::openFromFile(class std::basic_string<char,struct std::char_traits<char>,class std::allocator<char> > const &)" (__imp_?openFromFile@Music@sf@@QAE_NABV?$basic_string@DU?$char_traits@D@std@@V?$allocator@D@2@@std@@@Z)
     1>MainMenu.obj : error LNK2001: unresolved external symbol "__declspec(dllimport) public: virtual __thiscall sf::Music::~Music(void)" (__imp_??1Music@sf@@UAE@XZ)
     1>MainMenu.obj : error LNK2001: unresolved external symbol "__declspec(dllimport) public: __thiscall sf::Music::Music(void)" (__imp_??0Music@sf@@QAE@XZ)
     1>C:\Users\eheit\Documents\Visual Studio 2013\Projects\sfml\Release\sfml.exe : fatal error LNK1120: 5 unresolved externals
     1>Done Building Project "C:\Users\eheit\Documents\Visual Studio 2013\Projects\sfml\sfml\sfml.vcxproj" (Build target(s)) -- FAILED.

Build FAILED.

Time Elapsed 00:00:05.08
